This file contains any messages produced by compilers while
running configure, to aid debugging if configure makes a mistake.

It was created by git configure 2.53.0.40.g3e0db84c88.dirty, which was
generated by GNU Autoconf 2.72.  Invocation command line was

  $ ./configure

## --------- ##
## Platform. ##
## --------- ##

hostname = Petars-MacBook-Air-2.local
uname -m = arm64
uname -r = 23.5.0
uname -s = Darwin
uname -v = Darwin Kernel Version 23.5.0: Wed May  1 20:16:51 PDT 2024; root:xnu-10063.121.3~5/RELEASE_ARM64_T8103

/usr/bin/uname -p = arm
/bin/uname -X     = unknown

/bin/arch              = unknown
/usr/bin/arch -k       = unknown
/usr/convex/getsysinfo = unknown
/usr/bin/hostinfo      = Mach kernel version:
	 Darwin Kernel Version 23.5.0: Wed May  1 20:16:51 PDT 2024; root:xnu-10063.121.3~5/RELEASE_ARM64_T8103
Kernel configured for up to 8 processors.
8 processors are physically available.
8 processors are logically available.
Processor type: arm64e (ARM64E)
Processors active: 0 1 2 3 4 5 6 7
Primary memory available: 8.00 gigabytes
Default processor set: 416 tasks, 2920 threads, 8 processors
Load average: 1.50, Mach factor: 6.48
/bin/machine           = unknown
/usr/bin/oslevel       = unknown
/bin/universe          = unknown

PATH: /Users/ezkie/.local/bin/
PATH: /Users/ezkie/.nvm/versions/node/v20.18.1/bin/
PATH: /Users/ezkie/google-cloud-sdk/bin/
PATH: /opt/homebrew/bin/
PATH: /opt/homebrew/sbin/
PATH: /Library/Frameworks/Python.framework/Versions/3.12/bin/
PATH: /opt/local/bin/
PATH: /opt/local/sbin/
PATH: /usr/local/bin/
PATH: /usr/bin/
PATH: /bin/
PATH: /usr/sbin/
PATH: /sbin/
PATH: /opt/minicom/2.2/bin/
PATH: /var/run/com.apple.security.cryptexd/codex.system/bootstrap/usr/local/bin/
PATH: /var/run/com.apple.security.cryptexd/codex.system/bootstrap/usr/bin/
PATH: /var/run/com.apple.security.cryptexd/codex.system/bootstrap/usr/appleinternal/bin/
PATH: /opt/X11/bin/
PATH: /Library/Apple/usr/bin/
PATH: ~/.dotnet/tools/
PATH: /Users/ezkie/.cargo/bin/


## ----------- ##
## Core tests. ##
## ----------- ##

configure:2650: Setting lib to 'lib' (the default)
configure:2674: Will try -pthread then -lpthread to enable POSIX Threads.
configure:2711: CHECKS for site configuration
configure:2866: checking for gcc
configure:2887: found /usr/bin/gcc
configure:2899: result: gcc
configure:3258: checking for C compiler version
configure:3267: gcc --version >&5
Apple clang version 16.0.0 (clang-1600.0.26.6)
Target: arm64-apple-darwin23.5.0
Thread model: posix
InstalledDir: /Applications/Xcode.app/Contents/Developer/Toolchains/XcodeDefault.xctoolchain/usr/bin
configure:3278: $? = 0
configure:3267: gcc -v >&5
Apple clang version 16.0.0 (clang-1600.0.26.6)
Target: arm64-apple-darwin23.5.0
Thread model: posix
InstalledDir: /Applications/Xcode.app/Contents/Developer/Toolchains/XcodeDefault.xctoolchain/usr/bin
configure:3278: $? = 0
configure:3267: gcc -V >&5
clang: error: argument to '-V' is missing (expected 1 value)
clang: error: no input files
configure:3278: $? = 1
configure:3267: gcc -qversion >&5
clang: error: unknown argument '-qversion'; did you mean '--version'?
clang: error: no input files
configure:3278: $? = 1
configure:3267: gcc -version >&5
clang: error: unknown argument '-version'; did you mean '--version'?
clang: error: no input files
configure:3278: $? = 1
configure:3298: checking whether the C compiler works
configure:3320: gcc    conftest.c  >&5
configure:3324: $? = 0
configure:3375: result: yes
configure:3379: checking for C compiler default output file name
configure:3381: result: a.out
configure:3387: checking for suffix of executables
configure:3394: gcc -o conftest    conftest.c  >&5
configure:3398: $? = 0
configure:3422: result: 
configure:3446: checking whether we are cross compiling
configure:3454: gcc -o conftest    conftest.c  >&5
configure:3458: $? = 0
configure:3465: ./conftest
configure:3469: $? = 0
configure:3484: result: no
configure:3490: checking for suffix of object files
configure:3513: gcc -c   conftest.c >&5
configure:3517: $? = 0
configure:3541: result: o
configure:3545: checking whether the compiler supports GNU C
configure:3565: gcc -c   conftest.c >&5
configure:3565: $? = 0
configure:3577: result: yes
configure:3588: checking whether gcc accepts -g
configure:3609: gcc -c -g  conftest.c >&5
configure:3609: $? = 0
configure:3656: result: yes
configure:3676: checking for gcc option to enable C11 features
configure:3691: gcc  -c -g -O2  conftest.c >&5
configure:3691: $? = 0
configure:3710: result: none needed
configure:3833: checking for stdio.h
configure:3833: gcc -c -g -O2  conftest.c >&5
configure:3833: $? = 0
configure:3833: result: yes
configure:3833: checking for stdlib.h
configure:3833: gcc -c -g -O2  conftest.c >&5
configure:3833: $? = 0
configure:3833: result: yes
configure:3833: checking for string.h
configure:3833: gcc -c -g -O2  conftest.c >&5
configure:3833: $? = 0
configure:3833: result: yes
configure:3833: checking for inttypes.h
configure:3833: gcc -c -g -O2  conftest.c >&5
configure:3833: $? = 0
configure:3833: result: yes
configure:3833: checking for stdint.h
configure:3833: gcc -c -g -O2  conftest.c >&5
configure:3833: $? = 0
configure:3833: result: yes
configure:3833: checking for strings.h
configure:3833: gcc -c -g -O2  conftest.c >&5
configure:3833: $? = 0
configure:3833: result: yes
configure:3833: checking for sys/stat.h
configure:3833: gcc -c -g -O2  conftest.c >&5
configure:3833: $? = 0
configure:3833: result: yes
configure:3833: checking for sys/types.h
configure:3833: gcc -c -g -O2  conftest.c >&5
configure:3833: $? = 0
configure:3833: result: yes
configure:3833: checking for unistd.h
configure:3833: gcc -c -g -O2  conftest.c >&5
configure:3833: $? = 0
configure:3833: result: yes
configure:3858: checking for size_t
configure:3858: gcc -c -g -O2  conftest.c >&5
configure:3858: $? = 0
configure:3858: gcc -c -g -O2  conftest.c >&5
conftest.c:50:21: error: expected expression
   50 | if (sizeof ((size_t)))
      |                     ^
1 error generated.
configure:3858: $? = 1
configure: failed program was:
| /* confdefs.h */
| #define PACKAGE_NAME "git"
| #define PACKAGE_TARNAME "git"
| #define PACKAGE_VERSION "2.53.0.40.g3e0db84c88.dirty"
| #define PACKAGE_STRING "git 2.53.0.40.g3e0db84c88.dirty"
| #define PACKAGE_BUGREPORT "git@vger.kernel.org"
| #define PACKAGE_URL ""
| #define HAVE_STDIO_H 1
| #define HAVE_STDLIB_H 1
| #define HAVE_STRING_H 1
| #define HAVE_INTTYPES_H 1
| #define HAVE_STDINT_H 1
| #define HAVE_STRINGS_H 1
| #define HAVE_SYS_STAT_H 1
| #define HAVE_SYS_TYPES_H 1
| #define HAVE_UNISTD_H 1
| #define STDC_HEADERS 1
| /* end confdefs.h.  */
| #include <stddef.h>
| #ifdef HAVE_STDIO_H
| # include <stdio.h>
| #endif
| #ifdef HAVE_STDLIB_H
| # include <stdlib.h>
| #endif
| #ifdef HAVE_STRING_H
| # include <string.h>
| #endif
| #ifdef HAVE_INTTYPES_H
| # include <inttypes.h>
| #endif
| #ifdef HAVE_STDINT_H
| # include <stdint.h>
| #endif
| #ifdef HAVE_STRINGS_H
| # include <strings.h>
| #endif
| #ifdef HAVE_SYS_TYPES_H
| # include <sys/types.h>
| #endif
| #ifdef HAVE_SYS_STAT_H
| # include <sys/stat.h>
| #endif
| #ifdef HAVE_UNISTD_H
| # include <unistd.h>
| #endif
| int
| main (void)
| {
| if (sizeof ((size_t)))
| 	    return 0;
|   ;
|   return 0;
| }
configure:3858: result: yes
configure:3871: checking for working alloca.h
configure:3889: gcc -o conftest -g -O2   conftest.c  >&5
configure:3889: $? = 0
configure:3900: result: yes
configure:3908: checking for alloca
configure:3953: result: yes
configure:4366: CHECKS for programs
configure:4493: checking for C compiler version
configure:4502: gcc --version >&5
Apple clang version 16.0.0 (clang-1600.0.26.6)
Target: arm64-apple-darwin23.5.0
Thread model: posix
InstalledDir: /Applications/Xcode.app/Contents/Developer/Toolchains/XcodeDefault.xctoolchain/usr/bin
configure:4513: $? = 0
configure:4502: gcc -v >&5
Apple clang version 16.0.0 (clang-1600.0.26.6)
Target: arm64-apple-darwin23.5.0
Thread model: posix
InstalledDir: /Applications/Xcode.app/Contents/Developer/Toolchains/XcodeDefault.xctoolchain/usr/bin
configure:4513: $? = 0
configure:4502: gcc -V >&5
clang: error: argument to '-V' is missing (expected 1 value)
clang: error: no input files
configure:4513: $? = 1
configure:4502: gcc -qversion >&5
clang: error: unknown argument '-qversion'; did you mean '--version'?
clang: error: no input files
configure:4513: $? = 1
configure:4502: gcc -version >&5
clang: error: unknown argument '-version'; did you mean '--version'?
clang: error: no input files
configure:4513: $? = 1
configure:4517: checking whether the compiler supports GNU C
configure:4549: result: yes
configure:4560: checking whether gcc accepts -g
configure:4628: result: yes
configure:4648: checking for gcc option to enable C11 features
configure:4682: result: none needed
configure:4800: checking for inline
configure:4817: gcc -c -g -O2  conftest.c >&5
configure:4817: $? = 0
configure:4827: result: inline
configure:4853: checking if linker supports -R
configure:4873: gcc -o conftest -g -O2   -R / conftest.c  >&5
warning: unknown remark option '-R' [-Wunknown-warning-option]
1 warning generated.
ld: file cannot be mmap()ed, errno=22 path=/ in '/'
clang: error: linker command failed with exit code 1 (use -v to see invocation)
configure:4873: $? = 1
configure: failed program was:
| /* confdefs.h */
| #define PACKAGE_NAME "git"
| #define PACKAGE_TARNAME "git"
| #define PACKAGE_VERSION "2.53.0.40.g3e0db84c88.dirty"
| #define PACKAGE_STRING "git 2.53.0.40.g3e0db84c88.dirty"
| #define PACKAGE_BUGREPORT "git@vger.kernel.org"
| #define PACKAGE_URL ""
| #define HAVE_STDIO_H 1
| #define HAVE_STDLIB_H 1
| #define HAVE_STRING_H 1
| #define HAVE_INTTYPES_H 1
| #define HAVE_STDINT_H 1
| #define HAVE_STRINGS_H 1
| #define HAVE_SYS_STAT_H 1
| #define HAVE_SYS_TYPES_H 1
| #define HAVE_UNISTD_H 1
| #define STDC_HEADERS 1
| #define HAVE_ALLOCA_H 1
| #define HAVE_ALLOCA 1
| /* end confdefs.h.  */
| 
| int
| main (void)
| {
| 
|   ;
|   return 0;
| }
configure:4886: result: no
configure:4891: checking if linker supports -Wl,-rpath,
configure:4911: gcc -o conftest -g -O2   -Wl,-rpath,/ conftest.c  >&5
configure:4911: $? = 0
configure:4924: result: yes
configure:5070: checking for gar
configure:5106: result: no
configure:5070: checking for ar
configure:5091: found /opt/local/bin/ar
configure:5103: result: ar
configure:5131: checking for gtar
configure:5167: result: no
configure:5131: checking for tar
configure:5152: found /usr/bin/tar
configure:5164: result: tar
configure:5179: checking for gnudiff
configure:5215: result: no
configure:5179: checking for gdiff
configure:5215: result: no
configure:5179: checking for diff
configure:5200: found /usr/bin/diff
configure:5212: result: diff
configure:5293: checking for asciidoc
configure:5329: result: no
configure:5354: CHECKS for libraries
configure:5369: checking for SHA1_Init in -lcrypto
configure:5398: gcc -o conftest -g -O2   conftest.c -lcrypto   >&5
ld: library 'crypto' not found
clang: error: linker command failed with exit code 1 (use -v to see invocation)
configure:5398: $? = 1
configure: failed program was:
| /* confdefs.h */
| #define PACKAGE_NAME "git"
| #define PACKAGE_TARNAME "git"
| #define PACKAGE_VERSION "2.53.0.40.g3e0db84c88.dirty"
| #define PACKAGE_STRING "git 2.53.0.40.g3e0db84c88.dirty"
| #define PACKAGE_BUGREPORT "git@vger.kernel.org"
| #define PACKAGE_URL ""
| #define HAVE_STDIO_H 1
| #define HAVE_STDLIB_H 1
| #define HAVE_STRING_H 1
| #define HAVE_INTTYPES_H 1
| #define HAVE_STDINT_H 1
| #define HAVE_STRINGS_H 1
| #define HAVE_SYS_STAT_H 1
| #define HAVE_SYS_TYPES_H 1
| #define HAVE_UNISTD_H 1
| #define STDC_HEADERS 1
| #define HAVE_ALLOCA_H 1
| #define HAVE_ALLOCA 1
| /* end confdefs.h.  */
| 
| /* Override any GCC internal prototype to avoid an error.
|    Use char because int might match the return type of a GCC
|    builtin and then its argument prototype would still apply.
|    The 'extern "C"' is for builds by C++ compilers;
|    although this is not generally supported in C code supporting it here
|    has little cost and some practical benefit (sr 110532).  */
| #ifdef __cplusplus
| extern "C"
| #endif
| char SHA1_Init (void);
| int
| main (void)
| {
| return SHA1_Init ();
|   ;
|   return 0;
| }
configure:5410: result: no
configure:5416: checking for SHA1_Init in -lssl
configure:5445: gcc -o conftest -g -O2   conftest.c -lssl   >&5
ld: library 'ssl' not found
clang: error: linker command failed with exit code 1 (use -v to see invocation)
configure:5445: $? = 1
configure: failed program was:
| /* confdefs.h */
| #define PACKAGE_NAME "git"
| #define PACKAGE_TARNAME "git"
| #define PACKAGE_VERSION "2.53.0.40.g3e0db84c88.dirty"
| #define PACKAGE_STRING "git 2.53.0.40.g3e0db84c88.dirty"
| #define PACKAGE_BUGREPORT "git@vger.kernel.org"
| #define PACKAGE_URL ""
| #define HAVE_STDIO_H 1
| #define HAVE_STDLIB_H 1
| #define HAVE_STRING_H 1
| #define HAVE_INTTYPES_H 1
| #define HAVE_STDINT_H 1
| #define HAVE_STRINGS_H 1
| #define HAVE_SYS_STAT_H 1
| #define HAVE_SYS_TYPES_H 1
| #define HAVE_UNISTD_H 1
| #define STDC_HEADERS 1
| #define HAVE_ALLOCA_H 1
| #define HAVE_ALLOCA 1
| /* end confdefs.h.  */
| 
| /* Override any GCC internal prototype to avoid an error.
|    Use char because int might match the return type of a GCC
|    builtin and then its argument prototype would still apply.
|    The 'extern "C"' is for builds by C++ compilers;
|    although this is not generally supported in C code supporting it here
|    has little cost and some practical benefit (sr 110532).  */
| #ifdef __cplusplus
| extern "C"
| #endif
| char SHA1_Init (void);
| int
| main (void)
| {
| return SHA1_Init ();
|   ;
|   return 0;
| }
configure:5457: result: no
configure:5578: checking for curl_global_init in -lcurl
configure:5607: gcc -o conftest -g -O2   conftest.c -lcurl   >&5
configure:5607: $? = 0
configure:5619: result: yes
configure:5646: checking for curl-config
configure:5667: found /opt/local/bin/curl-config
configure:5680: result: curl-config
configure:5698: Setting CURL_LDFLAGS to '-L/opt/local/lib -lcurl'
configure:5722: checking for XML_ParserCreate in -lexpat
configure:5751: gcc -o conftest -g -O2   conftest.c -lexpat   >&5
configure:5751: $? = 0
configure:5763: result: yes
configure:5821: checking for iconv in -lc
configure:5834: gcc -o conftest -g -O2   conftest.c  -lc >&5
Undefined symbols for architecture arm64:
  "_iconv_open", referenced from:
      _main in conftest-4d3c59.o
ld: symbol(s) not found for architecture arm64
clang: error: linker command failed with exit code 1 (use -v to see invocation)
configure:5834: $? = 1
configure: failed program was:
| /* confdefs.h */
| #define PACKAGE_NAME "git"
| #define PACKAGE_TARNAME "git"
| #define PACKAGE_VERSION "2.53.0.40.g3e0db84c88.dirty"
| #define PACKAGE_STRING "git 2.53.0.40.g3e0db84c88.dirty"
| #define PACKAGE_BUGREPORT "git@vger.kernel.org"
| #define PACKAGE_URL ""
| #define HAVE_STDIO_H 1
| #define HAVE_STDLIB_H 1
| #define HAVE_STRING_H 1
| #define HAVE_INTTYPES_H 1
| #define HAVE_STDINT_H 1
| #define HAVE_STRINGS_H 1
| #define HAVE_SYS_STAT_H 1
| #define HAVE_SYS_TYPES_H 1
| #define HAVE_UNISTD_H 1
| #define STDC_HEADERS 1
| #define HAVE_ALLOCA_H 1
| #define HAVE_ALLOCA 1
| /* end confdefs.h.  */
| #include <iconv.h>
| int
| main (void)
| {
| iconv_open("", "");
|   ;
|   return 0;
| }
configure:5841: result: no
configure:5821: checking for iconv in -liconv
configure:5834: gcc -o conftest -g -O2   conftest.c  -liconv >&5
configure:5834: $? = 0
configure:5836: result: yes
configure:5885: checking for deflateBound in -lz
configure:5901: gcc -o conftest -g -O2   conftest.c  -lz >&5
configure:5901: $? = 0
configure:5903: result: yes
configure:5928: checking for socket in -lc
configure:5957: gcc -o conftest -g -O2   conftest.c -lc   >&5
configure:5957: $? = 0
configure:5969: result: yes
configure:5992: checking for inet_ntop
configure:5992: gcc -o conftest -g -O2   conftest.c  >&5
configure:5992: $? = 0
configure:5992: result: yes
configure:6058: checking for inet_pton
configure:6058: gcc -o conftest -g -O2   conftest.c  >&5
configure:6058: $? = 0
configure:6058: result: yes
configure:6124: checking for hstrerror
configure:6124: gcc -o conftest -g -O2   conftest.c  >&5
configure:6124: $? = 0
configure:6124: result: yes
configure:6194: checking for basename in -lc
configure:6223: gcc -o conftest -g -O2   conftest.c -lc   >&5
configure:6223: $? = 0
configure:6235: result: yes
configure:6251: checking if libc contains libintl
configure:6269: gcc -o conftest -g -O2   conftest.c  >&5
conftest.c:23:10: fatal error: 'libintl.h' file not found
   23 | #include <libintl.h>
      |          ^~~~~~~~~~~
1 error generated.
configure:6269: $? = 1
configure: failed program was:
| /* confdefs.h */
| #define PACKAGE_NAME "git"
| #define PACKAGE_TARNAME "git"
| #define PACKAGE_VERSION "2.53.0.40.g3e0db84c88.dirty"
| #define PACKAGE_STRING "git 2.53.0.40.g3e0db84c88.dirty"
| #define PACKAGE_BUGREPORT "git@vger.kernel.org"
| #define PACKAGE_URL ""
| #define HAVE_STDIO_H 1
| #define HAVE_STDLIB_H 1
| #define HAVE_STRING_H 1
| #define HAVE_INTTYPES_H 1
| #define HAVE_STDINT_H 1
| #define HAVE_STRINGS_H 1
| #define HAVE_SYS_STAT_H 1
| #define HAVE_SYS_TYPES_H 1
| #define HAVE_UNISTD_H 1
| #define STDC_HEADERS 1
| #define HAVE_ALLOCA_H 1
| #define HAVE_ALLOCA 1
| /* end confdefs.h.  */
| 
| 
| #include <libintl.h>
| 
| int
| main (void)
| {
| 
| char *msg = gettext("test");
| 
|   ;
|   return 0;
| }
configure:6275: result: no
configure:6288: checking for libintl.h
configure:6288: gcc -c -g -O2  conftest.c >&5
conftest.c:49:10: fatal error: 'libintl.h' file not found
   49 | #include <libintl.h>
      |          ^~~~~~~~~~~
1 error generated.
configure:6288: $? = 1
configure: failed program was:
| /* confdefs.h */
| #define PACKAGE_NAME "git"
| #define PACKAGE_TARNAME "git"
| #define PACKAGE_VERSION "2.53.0.40.g3e0db84c88.dirty"
| #define PACKAGE_STRING "git 2.53.0.40.g3e0db84c88.dirty"
| #define PACKAGE_BUGREPORT "git@vger.kernel.org"
| #define PACKAGE_URL ""
| #define HAVE_STDIO_H 1
| #define HAVE_STDLIB_H 1
| #define HAVE_STRING_H 1
| #define HAVE_INTTYPES_H 1
| #define HAVE_STDINT_H 1
| #define HAVE_STRINGS_H 1
| #define HAVE_SYS_STAT_H 1
| #define HAVE_SYS_TYPES_H 1
| #define HAVE_UNISTD_H 1
| #define STDC_HEADERS 1
| #define HAVE_ALLOCA_H 1
| #define HAVE_ALLOCA 1
| /* end confdefs.h.  */
| #include <stddef.h>
| #ifdef HAVE_STDIO_H
| # include <stdio.h>
| #endif
| #ifdef HAVE_STDLIB_H
| # include <stdlib.h>
| #endif
| #ifdef HAVE_STRING_H
| # include <string.h>
| #endif
| #ifdef HAVE_INTTYPES_H
| # include <inttypes.h>
| #endif
| #ifdef HAVE_STDINT_H
| # include <stdint.h>
| #endif
| #ifdef HAVE_STRINGS_H
| # include <strings.h>
| #endif
| #ifdef HAVE_SYS_TYPES_H
| # include <sys/types.h>
| #endif
| #ifdef HAVE_SYS_STAT_H
| # include <sys/stat.h>
| #endif
| #ifdef HAVE_UNISTD_H
| # include <unistd.h>
| #endif
| #include <libintl.h>
configure:6288: result: no
configure:6305: CHECKS for header files
configure:6309: checking for sys/select.h
configure:6309: gcc -c -g -O2  conftest.c >&5
configure:6309: $? = 0
configure:6309: result: yes
configure:6322: checking for poll.h
configure:6322: gcc -c -g -O2  conftest.c >&5
configure:6322: $? = 0
configure:6322: result: yes
configure:6335: checking for sys/poll.h
configure:6335: gcc -c -g -O2  conftest.c >&5
configure:6335: $? = 0
configure:6335: result: yes
configure:6348: checking for inttypes.h
configure:6348: result: yes
configure:6373: checking for old iconv()
configure:6393: gcc -c -g -O2  conftest.c >&5
configure:6393: $? = 0
configure:6395: result: no
configure:6421: checking whether iconv omits bom for utf-16 and utf-32
configure:6471: gcc -o conftest -g -O2   conftest.c  -liconv >&5
configure:6471: $? = 0
configure:6471: ./conftest
configure:6471: $? = 0
configure:6488: result: no
configure:6500: CHECKS for typedefs, structures, and compiler characteristics
configure:6504: checking for socklen_t
configure:6504: gcc -c -g -O2  conftest.c >&5
configure:6504: $? = 0
configure:6504: gcc -c -g -O2  conftest.c >&5
conftest.c:27:24: error: expected expression
   27 | if (sizeof ((socklen_t)))
      |                        ^
1 error generated.
configure:6504: $? = 1
configure: failed program was:
| /* confdefs.h */
| #define PACKAGE_NAME "git"
| #define PACKAGE_TARNAME "git"
| #define PACKAGE_VERSION "2.53.0.40.g3e0db84c88.dirty"
| #define PACKAGE_STRING "git 2.53.0.40.g3e0db84c88.dirty"
| #define PACKAGE_BUGREPORT "git@vger.kernel.org"
| #define PACKAGE_URL ""
| #define HAVE_STDIO_H 1
| #define HAVE_STDLIB_H 1
| #define HAVE_STRING_H 1
| #define HAVE_INTTYPES_H 1
| #define HAVE_STDINT_H 1
| #define HAVE_STRINGS_H 1
| #define HAVE_SYS_STAT_H 1
| #define HAVE_SYS_TYPES_H 1
| #define HAVE_UNISTD_H 1
| #define STDC_HEADERS 1
| #define HAVE_ALLOCA_H 1
| #define HAVE_ALLOCA 1
| /* end confdefs.h.  */
| #include <sys/types.h>
| #include <sys/socket.h>
| 
| int
| main (void)
| {
| if (sizeof ((socklen_t)))
| 	    return 0;
|   ;
|   return 0;
| }
configure:6504: result: yes
configure:6579: checking for struct itimerval
configure:6579: gcc -c -g -O2  conftest.c >&5
configure:6579: $? = 0
configure:6579: gcc -c -g -O2  conftest.c >&5
conftest.c:26:31: error: expected expression
   26 | if (sizeof ((struct itimerval)))
      |                               ^
1 error generated.
configure:6579: $? = 1
configure: failed program was:
| /* confdefs.h */
| #define PACKAGE_NAME "git"
| #define PACKAGE_TARNAME "git"
| #define PACKAGE_VERSION "2.53.0.40.g3e0db84c88.dirty"
| #define PACKAGE_STRING "git 2.53.0.40.g3e0db84c88.dirty"
| #define PACKAGE_BUGREPORT "git@vger.kernel.org"
| #define PACKAGE_URL ""
| #define HAVE_STDIO_H 1
| #define HAVE_STDLIB_H 1
| #define HAVE_STRING_H 1
| #define HAVE_INTTYPES_H 1
| #define HAVE_STDINT_H 1
| #define HAVE_STRINGS_H 1
| #define HAVE_SYS_STAT_H 1
| #define HAVE_SYS_TYPES_H 1
| #define HAVE_UNISTD_H 1
| #define STDC_HEADERS 1
| #define HAVE_ALLOCA_H 1
| #define HAVE_ALLOCA 1
| /* end confdefs.h.  */
| #include <sys/time.h>
| 
| int
| main (void)
| {
| if (sizeof ((struct itimerval)))
| 	    return 0;
|   ;
|   return 0;
| }
configure:6579: result: yes
configure:6598: checking for struct stat.st_mtimespec.tv_nsec
configure:6598: gcc -c -g -O2  conftest.c >&5
configure:6598: $? = 0
configure:6598: result: yes
configure:6604: checking for struct stat.st_mtim.tv_nsec
configure:6604: gcc -c -g -O2  conftest.c >&5
conftest.c:54:13: error: no member named 'st_mtim' in 'struct stat'
   54 | if (ac_aggr.st_mtim.tv_nsec)
      |     ~~~~~~~ ^
1 error generated.
configure:6604: $? = 1
configure: failed program was:
| /* confdefs.h */
| #define PACKAGE_NAME "git"
| #define PACKAGE_TARNAME "git"
| #define PACKAGE_VERSION "2.53.0.40.g3e0db84c88.dirty"
| #define PACKAGE_STRING "git 2.53.0.40.g3e0db84c88.dirty"
| #define PACKAGE_BUGREPORT "git@vger.kernel.org"
| #define PACKAGE_URL ""
| #define HAVE_STDIO_H 1
| #define HAVE_STDLIB_H 1
| #define HAVE_STRING_H 1
| #define HAVE_INTTYPES_H 1
| #define HAVE_STDINT_H 1
| #define HAVE_STRINGS_H 1
| #define HAVE_SYS_STAT_H 1
| #define HAVE_SYS_TYPES_H 1
| #define HAVE_UNISTD_H 1
| #define STDC_HEADERS 1
| #define HAVE_ALLOCA_H 1
| #define HAVE_ALLOCA 1
| #define HAVE_STRUCT_ITIMERVAL 1
| /* end confdefs.h.  */
| #include <stddef.h>
| #ifdef HAVE_STDIO_H
| # include <stdio.h>
| #endif
| #ifdef HAVE_STDLIB_H
| # include <stdlib.h>
| #endif
| #ifdef HAVE_STRING_H
| # include <string.h>
| #endif
| #ifdef HAVE_INTTYPES_H
| # include <inttypes.h>
| #endif
| #ifdef HAVE_STDINT_H
| # include <stdint.h>
| #endif
| #ifdef HAVE_STRINGS_H
| # include <strings.h>
| #endif
| #ifdef HAVE_SYS_TYPES_H
| # include <sys/types.h>
| #endif
| #ifdef HAVE_SYS_STAT_H
| # include <sys/stat.h>
| #endif
| #ifdef HAVE_UNISTD_H
| # include <unistd.h>
| #endif
| int
| main (void)
| {
| static struct stat ac_aggr;
| if (ac_aggr.st_mtim.tv_nsec)
| return 0;
|   ;
|   return 0;
| }
configure:6604: gcc -c -g -O2  conftest.c >&5
conftest.c:54:20: error: no member named 'st_mtim' in 'struct stat'
   54 | if (sizeof ac_aggr.st_mtim.tv_nsec)
      |            ~~~~~~~ ^
1 error generated.
configure:6604: $? = 1
configure: failed program was:
| /* confdefs.h */
| #define PACKAGE_NAME "git"
| #define PACKAGE_TARNAME "git"
| #define PACKAGE_VERSION "2.53.0.40.g3e0db84c88.dirty"
| #define PACKAGE_STRING "git 2.53.0.40.g3e0db84c88.dirty"
| #define PACKAGE_BUGREPORT "git@vger.kernel.org"
| #define PACKAGE_URL ""
| #define HAVE_STDIO_H 1
| #define HAVE_STDLIB_H 1
| #define HAVE_STRING_H 1
| #define HAVE_INTTYPES_H 1
| #define HAVE_STDINT_H 1
| #define HAVE_STRINGS_H 1
| #define HAVE_SYS_STAT_H 1
| #define HAVE_SYS_TYPES_H 1
| #define HAVE_UNISTD_H 1
| #define STDC_HEADERS 1
| #define HAVE_ALLOCA_H 1
| #define HAVE_ALLOCA 1
| #define HAVE_STRUCT_ITIMERVAL 1
| /* end confdefs.h.  */
| #include <stddef.h>
| #ifdef HAVE_STDIO_H
| # include <stdio.h>
| #endif
| #ifdef HAVE_STDLIB_H
| # include <stdlib.h>
| #endif
| #ifdef HAVE_STRING_H
| # include <string.h>
| #endif
| #ifdef HAVE_INTTYPES_H
| # include <inttypes.h>
| #endif
| #ifdef HAVE_STDINT_H
| # include <stdint.h>
| #endif
| #ifdef HAVE_STRINGS_H
| # include <strings.h>
| #endif
| #ifdef HAVE_SYS_TYPES_H
| # include <sys/types.h>
| #endif
| #ifdef HAVE_SYS_STAT_H
| # include <sys/stat.h>
| #endif
| #ifdef HAVE_UNISTD_H
| # include <unistd.h>
| #endif
| int
| main (void)
| {
| static struct stat ac_aggr;
| if (sizeof ac_aggr.st_mtim.tv_nsec)
| return 0;
|   ;
|   return 0;
| }
configure:6604: result: no
configure:6622: checking for struct dirent.d_type
configure:6622: gcc -c -g -O2  conftest.c >&5
configure:6622: $? = 0
configure:6622: result: yes
configure:6637: checking for struct passwd.pw_gecos
configure:6637: gcc -c -g -O2  conftest.c >&5
configure:6637: $? = 0
configure:6637: result: yes
configure:6652: checking for struct sockaddr_storage
configure:6652: gcc -c -g -O2  conftest.c >&5
configure:6652: $? = 0
configure:6652: gcc -c -g -O2  conftest.c >&5
conftest.c:30:38: error: expected expression
   30 | if (sizeof ((struct sockaddr_storage)))
      |                                      ^
1 error generated.
configure:6652: $? = 1
configure: failed program was:
| /* confdefs.h */
| #define PACKAGE_NAME "git"
| #define PACKAGE_TARNAME "git"
| #define PACKAGE_VERSION "2.53.0.40.g3e0db84c88.dirty"
| #define PACKAGE_STRING "git 2.53.0.40.g3e0db84c88.dirty"
| #define PACKAGE_BUGREPORT "git@vger.kernel.org"
| #define PACKAGE_URL ""
| #define HAVE_STDIO_H 1
| #define HAVE_STDLIB_H 1
| #define HAVE_STRING_H 1
| #define HAVE_INTTYPES_H 1
| #define HAVE_STDINT_H 1
| #define HAVE_STRINGS_H 1
| #define HAVE_SYS_STAT_H 1
| #define HAVE_SYS_TYPES_H 1
| #define HAVE_UNISTD_H 1
| #define STDC_HEADERS 1
| #define HAVE_ALLOCA_H 1
| #define HAVE_ALLOCA 1
| #define HAVE_STRUCT_ITIMERVAL 1
| /* end confdefs.h.  */
| 
| #include <sys/types.h>
| #include <sys/socket.h>
| 
| 
| int
| main (void)
| {
| if (sizeof ((struct sockaddr_storage)))
| 	    return 0;
|   ;
|   return 0;
| }
configure:6652: result: yes
configure:6669: checking for struct addrinfo
configure:6669: gcc -c -g -O2  conftest.c >&5
configure:6669: $? = 0
configure:6669: gcc -c -g -O2  conftest.c >&5
conftest.c:31:30: error: expected expression
   31 | if (sizeof ((struct addrinfo)))
      |                              ^
1 error generated.
configure:6669: $? = 1
configure: failed program was:
| /* confdefs.h */
| #define PACKAGE_NAME "git"
| #define PACKAGE_TARNAME "git"
| #define PACKAGE_VERSION "2.53.0.40.g3e0db84c88.dirty"
| #define PACKAGE_STRING "git 2.53.0.40.g3e0db84c88.dirty"
| #define PACKAGE_BUGREPORT "git@vger.kernel.org"
| #define PACKAGE_URL ""
| #define HAVE_STDIO_H 1
| #define HAVE_STDLIB_H 1
| #define HAVE_STRING_H 1
| #define HAVE_INTTYPES_H 1
| #define HAVE_STDINT_H 1
| #define HAVE_STRINGS_H 1
| #define HAVE_SYS_STAT_H 1
| #define HAVE_SYS_TYPES_H 1
| #define HAVE_UNISTD_H 1
| #define STDC_HEADERS 1
| #define HAVE_ALLOCA_H 1
| #define HAVE_ALLOCA 1
| #define HAVE_STRUCT_ITIMERVAL 1
| /* end confdefs.h.  */
| 
| #include <sys/types.h>
| #include <sys/socket.h>
| #include <netdb.h>
| 
| 
| int
| main (void)
| {
| if (sizeof ((struct addrinfo)))
| 	    return 0;
|   ;
|   return 0;
| }
configure:6669: result: yes
configure:6678: checking for getaddrinfo
configure:6678: gcc -o conftest -g -O2   conftest.c  >&5
configure:6678: $? = 0
configure:6678: result: yes
configure:6682: checking for library containing getaddrinfo
configure:6718: gcc -o conftest -g -O2   conftest.c  >&5
configure:6718: $? = 0
configure:6740: result: none required
configure:6774: checking how to run the C preprocessor
configure:6800: gcc -E  conftest.c
configure:6800: $? = 0
configure:6816: gcc -E  conftest.c
conftest.c:22:10: fatal error: 'ac_nonexistent.h' file not found
   22 | #include <ac_nonexistent.h>
      |          ^~~~~~~~~~~~~~~~~~
1 error generated.
configure:6816: $? = 1
configure: failed program was:
| /* confdefs.h */
| #define PACKAGE_NAME "git"
| #define PACKAGE_TARNAME "git"
| #define PACKAGE_VERSION "2.53.0.40.g3e0db84c88.dirty"
| #define PACKAGE_STRING "git 2.53.0.40.g3e0db84c88.dirty"
| #define PACKAGE_BUGREPORT "git@vger.kernel.org"
| #define PACKAGE_URL ""
| #define HAVE_STDIO_H 1
| #define HAVE_STDLIB_H 1
| #define HAVE_STRING_H 1
| #define HAVE_INTTYPES_H 1
| #define HAVE_STDINT_H 1
| #define HAVE_STRINGS_H 1
| #define HAVE_SYS_STAT_H 1
| #define HAVE_SYS_TYPES_H 1
| #define HAVE_UNISTD_H 1
| #define STDC_HEADERS 1
| #define HAVE_ALLOCA_H 1
| #define HAVE_ALLOCA 1
| #define HAVE_STRUCT_ITIMERVAL 1
| /* end confdefs.h.  */
| #include <ac_nonexistent.h>
configure:6845: result: gcc -E
configure:6859: gcc -E  conftest.c
configure:6859: $? = 0
configure:6875: gcc -E  conftest.c
conftest.c:22:10: fatal error: 'ac_nonexistent.h' file not found
   22 | #include <ac_nonexistent.h>
      |          ^~~~~~~~~~~~~~~~~~
1 error generated.
configure:6875: $? = 1
configure: failed program was:
| /* confdefs.h */
| #define PACKAGE_NAME "git"
| #define PACKAGE_TARNAME "git"
| #define PACKAGE_VERSION "2.53.0.40.g3e0db84c88.dirty"
| #define PACKAGE_STRING "git 2.53.0.40.g3e0db84c88.dirty"
| #define PACKAGE_BUGREPORT "git@vger.kernel.org"
| #define PACKAGE_URL ""
| #define HAVE_STDIO_H 1
| #define HAVE_STDLIB_H 1
| #define HAVE_STRING_H 1
| #define HAVE_INTTYPES_H 1
| #define HAVE_STDINT_H 1
| #define HAVE_STRINGS_H 1
| #define HAVE_SYS_STAT_H 1
| #define HAVE_SYS_TYPES_H 1
| #define HAVE_UNISTD_H 1
| #define STDC_HEADERS 1
| #define HAVE_ALLOCA_H 1
| #define HAVE_ALLOCA 1
| #define HAVE_STRUCT_ITIMERVAL 1
| /* end confdefs.h.  */
| #include <ac_nonexistent.h>
configure:6908: checking for egrep -e
configure:7038: result: /usr/bin/grep -E
configure:7042: checking whether the platform regex supports REG_STARTEND
configure:7078: result: yes
configure:7090: checking whether system succeeds to read fopen'ed directory
configure:7117: gcc -o conftest -g -O2   conftest.c  >&5
configure:7117: $? = 0
configure:7117: ./conftest
configure:7117: $? = 1
configure: program exited with status 1
configure: failed program was:
| /* confdefs.h */
| #define PACKAGE_NAME "git"
| #define PACKAGE_TARNAME "git"
| #define PACKAGE_VERSION "2.53.0.40.g3e0db84c88.dirty"
| #define PACKAGE_STRING "git 2.53.0.40.g3e0db84c88.dirty"
| #define PACKAGE_BUGREPORT "git@vger.kernel.org"
| #define PACKAGE_URL ""
| #define HAVE_STDIO_H 1
| #define HAVE_STDLIB_H 1
| #define HAVE_STRING_H 1
| #define HAVE_INTTYPES_H 1
| #define HAVE_STDINT_H 1
| #define HAVE_STRINGS_H 1
| #define HAVE_SYS_STAT_H 1
| #define HAVE_SYS_TYPES_H 1
| #define HAVE_UNISTD_H 1
| #define STDC_HEADERS 1
| #define HAVE_ALLOCA_H 1
| #define HAVE_ALLOCA 1
| #define HAVE_STRUCT_ITIMERVAL 1
| /* end confdefs.h.  */
| #include <stddef.h>
| #ifdef HAVE_STDIO_H
| # include <stdio.h>
| #endif
| #ifdef HAVE_STDLIB_H
| # include <stdlib.h>
| #endif
| #ifdef HAVE_STRING_H
| # include <string.h>
| #endif
| #ifdef HAVE_INTTYPES_H
| # include <inttypes.h>
| #endif
| #ifdef HAVE_STDINT_H
| # include <stdint.h>
| #endif
| #ifdef HAVE_STRINGS_H
| # include <strings.h>
| #endif
| #ifdef HAVE_SYS_TYPES_H
| # include <sys/types.h>
| #endif
| #ifdef HAVE_SYS_STAT_H
| # include <sys/stat.h>
| #endif
| #ifdef HAVE_UNISTD_H
| # include <unistd.h>
| #endif
| int
| main (void)
| {
| 
| 		FILE *f = fopen(".", "r");
| 		return f != NULL;
|   ;
|   return 0;
| }
configure:7132: result: yes
configure:7145: checking whether snprintf() and/or vsnprintf() return bogus value
configure:7185: gcc -o conftest -g -O2   conftest.c  >&5
configure:7185: $? = 0
configure:7185: ./conftest
configure:7185: $? = 0
configure:7200: result: no
configure:7212: checking whether the platform uses typical file type bits
configure:7249: result: yes
configure:7262: CHECKS for library functions
configure:7266: checking for libgen.h
configure:7266: gcc -c -g -O2  conftest.c >&5
configure:7266: $? = 0
configure:7266: result: yes
configure:7279: checking for paths.h
configure:7279: gcc -c -g -O2  conftest.c >&5
configure:7279: $? = 0
configure:7279: result: yes
configure:7292: checking for libcharset.h
configure:7292: gcc -c -g -O2  conftest.c >&5
configure:7292: $? = 0
configure:7292: result: yes
configure:7305: checking for strings.h
configure:7305: result: yes
configure:7319: checking for locale_charset in -liconv
configure:7348: gcc -o conftest -g -O2   conftest.c -liconv   >&5
configure:7348: $? = 0
configure:7360: result: yes
configure:7422: checking for clock_gettime
configure:7422: gcc -o conftest -g -O2   conftest.c  >&5
configure:7422: $? = 0
configure:7422: result: yes
configure:7426: checking for library containing clock_gettime
configure:7462: gcc -o conftest -g -O2   conftest.c  >&5
configure:7462: $? = 0
configure:7484: result: none required
configure:7509: checking for CLOCK_MONOTONIC
configure:7526: gcc -c -g -O2  conftest.c >&5
configure:7526: $? = 0
configure:7528: result: yes
configure:7543: checking for sync_file_range
configure:7543: gcc -o conftest -g -O2   conftest.c  >&5
Undefined symbols for architecture arm64:
  "_sync_file_range", referenced from:
      _main in conftest-70b973.o
ld: symbol(s) not found for architecture arm64
clang: error: linker command failed with exit code 1 (use -v to see invocation)
configure:7543: $? = 1
configure: failed program was:
| /* confdefs.h */
| #define PACKAGE_NAME "git"
| #define PACKAGE_TARNAME "git"
| #define PACKAGE_VERSION "2.53.0.40.g3e0db84c88.dirty"
| #define PACKAGE_STRING "git 2.53.0.40.g3e0db84c88.dirty"
| #define PACKAGE_BUGREPORT "git@vger.kernel.org"
| #define PACKAGE_URL ""
| #define HAVE_STDIO_H 1
| #define HAVE_STDLIB_H 1
| #define HAVE_STRING_H 1
| #define HAVE_INTTYPES_H 1
| #define HAVE_STDINT_H 1
| #define HAVE_STRINGS_H 1
| #define HAVE_SYS_STAT_H 1
| #define HAVE_SYS_TYPES_H 1
| #define HAVE_UNISTD_H 1
| #define STDC_HEADERS 1
| #define HAVE_ALLOCA_H 1
| #define HAVE_ALLOCA 1
| #define HAVE_STRUCT_ITIMERVAL 1
| /* end confdefs.h.  */
| /* Define sync_file_range to an innocuous variant, in case <limits.h> declares sync_file_range.
|    For example, HP-UX 11i <limits.h> declares gettimeofday.  */
| #define sync_file_range innocuous_sync_file_range
| 
| /* System header to define __stub macros and hopefully few prototypes,
|    which can conflict with char sync_file_range (void); below.  */
| 
| #include <limits.h>
| #undef sync_file_range
| 
| /* Override any GCC internal prototype to avoid an error.
|    Use char because int might match the return type of a GCC
|    builtin and then its argument prototype would still apply.  */
| #ifdef __cplusplus
| extern "C"
| #endif
| char sync_file_range (void);
| /* The GNU C library defines this for functions which it implements
|     to always fail with ENOSYS.  Some functions are actually named
|     something starting with __ and the normal name is an alias.  */
| #if defined __stub_sync_file_range || defined __stub___sync_file_range
| choke me
| #endif
| 
| int
| main (void)
| {
| return sync_file_range ();
|   ;
|   return 0;
| }
configure:7543: result: no
configure:7628: checking for setitimer
configure:7628: gcc -o conftest -g -O2   conftest.c  >&5
configure:7628: $? = 0
configure:7628: result: yes
configure:7632: checking for library containing setitimer
configure:7668: gcc -o conftest -g -O2   conftest.c  >&5
configure:7668: $? = 0
configure:7690: result: none required
configure:7712: checking for strcasestr
configure:7712: gcc -o conftest -g -O2   conftest.c  >&5
configure:7712: $? = 0
configure:7712: result: yes
configure:7716: checking for library containing strcasestr
configure:7752: gcc -o conftest -g -O2   conftest.c  >&5
configure:7752: $? = 0
configure:7774: result: none required
configure:7796: checking for memmem
configure:7796: gcc -o conftest -g -O2   conftest.c  >&5
configure:7796: $? = 0
configure:7796: result: yes
configure:7800: checking for library containing memmem
configure:7836: gcc -o conftest -g -O2   conftest.c  >&5
configure:7836: $? = 0
configure:7858: result: none required
configure:7880: checking for strlcpy
configure:7880: gcc -o conftest -g -O2   conftest.c  >&5
conftest.c:38:6: warning: incompatible redeclaration of library function 'strlcpy' [-Wincompatible-library-redeclaration]
   38 | char strlcpy (void);
      |      ^
conftest.c:38:6: note: 'strlcpy' is a builtin with type 'unsigned long (char *, const char *, unsigned long)'
1 warning generated.
configure:7880: $? = 0
configure:7880: result: yes
configure:7884: checking for library containing strlcpy
configure:7920: gcc -o conftest -g -O2   conftest.c  >&5
conftest.c:32:6: warning: incompatible redeclaration of library function 'strlcpy' [-Wincompatible-library-redeclaration]
   32 | char strlcpy (void);
      |      ^
conftest.c:32:6: note: 'strlcpy' is a builtin with type 'unsigned long (char *, const char *, unsigned long)'
1 warning generated.
configure:7920: $? = 0
configure:7942: result: none required
configure:7964: checking for strtoumax
configure:7964: gcc -o conftest -g -O2   conftest.c  >&5
configure:7964: $? = 0
configure:7964: result: yes
configure:7968: checking for library containing strtoumax
configure:8004: gcc -o conftest -g -O2   conftest.c  >&5
configure:8004: $? = 0
configure:8026: result: none required
configure:8048: checking for setenv
configure:8048: gcc -o conftest -g -O2   conftest.c  >&5
configure:8048: $? = 0
configure:8048: result: yes
configure:8052: checking for library containing setenv
configure:8088: gcc -o conftest -g -O2   conftest.c  >&5
configure:8088: $? = 0
configure:8110: result: none required
configure:8132: checking for unsetenv
configure:8132: gcc -o conftest -g -O2   conftest.c  >&5
configure:8132: $? = 0
configure:8132: result: yes
configure:8136: checking for library containing unsetenv
configure:8172: gcc -o conftest -g -O2   conftest.c  >&5
configure:8172: $? = 0
configure:8194: result: none required
configure:8216: checking for mkdtemp
configure:8216: gcc -o conftest -g -O2   conftest.c  >&5
configure:8216: $? = 0
configure:8216: result: yes
configure:8220: checking for library containing mkdtemp
configure:8256: gcc -o conftest -g -O2   conftest.c  >&5
configure:8256: $? = 0
configure:8278: result: none required
configure:8300: checking for initgroups
configure:8300: gcc -o conftest -g -O2   conftest.c  >&5
configure:8300: $? = 0
configure:8300: result: yes
configure:8304: checking for library containing initgroups
configure:8340: gcc -o conftest -g -O2   conftest.c  >&5
configure:8340: $? = 0
configure:8362: result: none required
configure:8384: checking for getdelim
configure:8384: gcc -o conftest -g -O2   conftest.c  >&5
configure:8384: $? = 0
configure:8384: result: yes
configure:8388: checking for library containing getdelim
configure:8424: gcc -o conftest -g -O2   conftest.c  >&5
configure:8424: $? = 0
configure:8446: result: none required
configure:8476: checking for BSD sysctl
configure:8501: gcc -c -g -O2  conftest.c >&5
configure:8501: $? = 0
configure:8503: result: yes
configure:8609: checking for POSIX Threads with ''
configure:8639: gcc -o conftest  -g -O2   conftest.c  >&5
configure:8639: $? = 0
configure:8641: result: yes
configure:8923: creating ./config.status

## ---------------------- ##
## Running config.status. ##
## ---------------------- ##

This file was extended by git config.status 2.53.0.40.g3e0db84c88.dirty, which was
generated by GNU Autoconf 2.72.  Invocation command line was

  CONFIG_FILES    = 
  CONFIG_HEADERS  = 
  CONFIG_LINKS    = 
  CONFIG_COMMANDS = 
  $ ./config.status 

on Petars-MacBook-Air-2.local

config.status:800: creating config.mak.autogen
config.status:961: executing config.mak.autogen commands

## ---------------- ##
## Cache variables. ##
## ---------------- ##

ac_cv_c_compiler_gnu=yes
ac_cv_c_inline=inline
ac_cv_c_regex_with_reg_startend=yes
ac_cv_env_CC_set=
ac_cv_env_CC_value=
ac_cv_env_CFLAGS_set=
ac_cv_env_CFLAGS_value=
ac_cv_env_CPPFLAGS_set=
ac_cv_env_CPPFLAGS_value=
ac_cv_env_CPP_set=
ac_cv_env_CPP_value=
ac_cv_env_LDFLAGS_set=
ac_cv_env_LDFLAGS_value=
ac_cv_env_LIBS_set=
ac_cv_env_LIBS_value=
ac_cv_env_build_alias_set=
ac_cv_env_build_alias_value=
ac_cv_env_host_alias_set=
ac_cv_env_host_alias_value=
ac_cv_env_target_alias_set=
ac_cv_env_target_alias_value=
ac_cv_fread_reads_directories=yes
ac_cv_func_alloca_works=yes
ac_cv_func_clock_gettime=yes
ac_cv_func_getaddrinfo=yes
ac_cv_func_getdelim=yes
ac_cv_func_hstrerror=yes
ac_cv_func_inet_ntop=yes
ac_cv_func_inet_pton=yes
ac_cv_func_initgroups=yes
ac_cv_func_memmem=yes
ac_cv_func_mkdtemp=yes
ac_cv_func_setenv=yes
ac_cv_func_setitimer=yes
ac_cv_func_strcasestr=yes
ac_cv_func_strlcpy=yes
ac_cv_func_strtoumax=yes
ac_cv_func_sync_file_range=no
ac_cv_func_unsetenv=yes
ac_cv_header_inttypes_h=yes
ac_cv_header_libcharset_h=yes
ac_cv_header_libgen_h=yes
ac_cv_header_libintl_h=no
ac_cv_header_paths_h=yes
ac_cv_header_poll_h=yes
ac_cv_header_stdint_h=yes
ac_cv_header_stdio_h=yes
ac_cv_header_stdlib_h=yes
ac_cv_header_string_h=yes
ac_cv_header_strings_h=yes
ac_cv_header_sys_poll_h=yes
ac_cv_header_sys_select_h=yes
ac_cv_header_sys_stat_h=yes
ac_cv_header_sys_types_h=yes
ac_cv_header_unistd_h=yes
ac_cv_iconv_omits_bom=no
ac_cv_lib_c_basename=yes
ac_cv_lib_c_socket=yes
ac_cv_lib_crypto_SHA1_Init=no
ac_cv_lib_curl_curl_global_init=yes
ac_cv_lib_expat_XML_ParserCreate=yes
ac_cv_lib_iconv_locale_charset=yes
ac_cv_lib_ssl_SHA1_Init=no
ac_cv_member_struct_dirent_d_type=yes
ac_cv_member_struct_passwd_pw_gecos=yes
ac_cv_member_struct_stat_st_mtim_tv_nsec=no
ac_cv_member_struct_stat_st_mtimespec_tv_nsec=yes
ac_cv_objext=o
ac_cv_path_EGREP_TRADITIONAL='/usr/bin/grep -E'
ac_cv_prog_CPP='gcc -E'
ac_cv_prog_CURL_CONFIG=curl-config
ac_cv_prog_DIFF=diff
ac_cv_prog_TAR=tar
ac_cv_prog_ac_ct_AR=ar
ac_cv_prog_ac_ct_CC=gcc
ac_cv_prog_cc_c11=
ac_cv_prog_cc_g=yes
ac_cv_prog_cc_stdc=
ac_cv_sane_mode_bits=yes
ac_cv_search_clock_gettime='none required'
ac_cv_search_getaddrinfo='none required'
ac_cv_search_getdelim='none required'
ac_cv_search_initgroups='none required'
ac_cv_search_memmem='none required'
ac_cv_search_mkdtemp='none required'
ac_cv_search_setenv='none required'
ac_cv_search_setitimer='none required'
ac_cv_search_strcasestr='none required'
ac_cv_search_strlcpy='none required'
ac_cv_search_strtoumax='none required'
ac_cv_search_unsetenv='none required'
ac_cv_snprintf_returns_bogus=no
ac_cv_type_size_t=yes
ac_cv_type_socklen_t=yes
ac_cv_type_struct_addrinfo=yes
ac_cv_type_struct_itimerval=yes
ac_cv_type_struct_sockaddr_storage=yes
ac_cv_working_alloca_h=yes
git_cv_ld_dashr=no
git_cv_ld_wl_rpath=yes

## ----------------- ##
## Output variables. ##
## ----------------- ##

ALLOCA=''
AR='ar'
ASCIIDOC=''
CC='gcc'
CFLAGS='-g -O2'
CPP='gcc -E'
CPPFLAGS=''
CURL_CONFIG='curl-config'
DEFS='-DPACKAGE_NAME=\"git\" -DPACKAGE_TARNAME=\"git\" -DPACKAGE_VERSION=\"2.53.0.40.g3e0db84c88.dirty\" -DPACKAGE_STRING=\"git\ 2.53.0.40.g3e0db84c88.dirty\" -DPACKAGE_BUGREPORT=\"git@vger.kernel.org\" -DPACKAGE_URL=\"\" -DHAVE_STDIO_H=1 -DHAVE_STDLIB_H=1 -DHAVE_STRING_H=1 -DHAVE_INTTYPES_H=1 -DHAVE_STDINT_H=1 -DHAVE_STRINGS_H=1 -DHAVE_SYS_STAT_H=1 -DHAVE_SYS_TYPES_H=1 -DHAVE_UNISTD_H=1 -DSTDC_HEADERS=1 -DHAVE_ALLOCA_H=1 -DHAVE_ALLOCA=1 -DHAVE_STRUCT_ITIMERVAL=1'
DIFF='diff'
ECHO_C='\c'
ECHO_N=''
ECHO_T=''
EXEEXT=''
LDFLAGS=''
LIBOBJS=''
LIBS=''
LTLIBOBJS=''
OBJEXT='o'
PACKAGE_BUGREPORT='git@vger.kernel.org'
PACKAGE_NAME='git'
PACKAGE_STRING='git 2.53.0.40.g3e0db84c88.dirty'
PACKAGE_TARNAME='git'
PACKAGE_URL=''
PACKAGE_VERSION='2.53.0.40.g3e0db84c88.dirty'
PATH_SEPARATOR=':'
SHELL='/bin/sh'
TAR='tar'
TCLTK_PATH='wish'
ac_ct_AR='ar'
ac_ct_CC='gcc'
bindir='${exec_prefix}/bin'
build_alias=''
datadir='${datarootdir}'
datarootdir='${prefix}/share'
docdir='${datarootdir}/doc/${PACKAGE_TARNAME}'
dvidir='${docdir}'
exec_prefix='${prefix}'
host_alias=''
htmldir='${docdir}'
includedir='${prefix}/include'
infodir='${datarootdir}/info'
libdir='${exec_prefix}/lib'
libexecdir='${exec_prefix}/libexec'
localedir='${datarootdir}/locale'
localstatedir='${prefix}/var'
mandir='${datarootdir}/man'
oldincludedir='/usr/include'
pdfdir='${docdir}'
prefix='/usr/local'
program_transform_name='s,x,x,'
psdir='${docdir}'
runstatedir='${localstatedir}/run'
sbindir='${exec_prefix}/sbin'
sharedstatedir='${prefix}/com'
sysconfdir='${prefix}/etc'
target_alias=''

## ----------- ##
## confdefs.h. ##
## ----------- ##

/* confdefs.h */
#define PACKAGE_NAME "git"
#define PACKAGE_TARNAME "git"
#define PACKAGE_VERSION "2.53.0.40.g3e0db84c88.dirty"
#define PACKAGE_STRING "git 2.53.0.40.g3e0db84c88.dirty"
#define PACKAGE_BUGREPORT "git@vger.kernel.org"
#define PACKAGE_URL ""
#define HAVE_STDIO_H 1
#define HAVE_STDLIB_H 1
#define HAVE_STRING_H 1
#define HAVE_INTTYPES_H 1
#define HAVE_STDINT_H 1
#define HAVE_STRINGS_H 1
#define HAVE_SYS_STAT_H 1
#define HAVE_SYS_TYPES_H 1
#define HAVE_UNISTD_H 1
#define STDC_HEADERS 1
#define HAVE_ALLOCA_H 1
#define HAVE_ALLOCA 1
#define HAVE_STRUCT_ITIMERVAL 1

configure: exit 0
